<?xml version="1.0" encoding="UTF-8"?>
<!-- Generated by org.testng.reporters.JUnitReportReporter -->
<testsuite hostname="CDC2-L-35Z28Y2" name="Sample.TestNew.SeleniumTest" tests="2" failures="0" timestamp="9 Jul 2020 11:35:14 GMT" time="0.013" errors="0">
  <testcase name="BrowserAutomation" time="0.012" classname="Sample.TestNew.SeleniumTest"/>
  <testcase name="CheckUI" time="0.001" classname="Sample.TestNew.SeleniumTest"/>
</testsuite> <!-- Sample.TestNew.SeleniumTest -->
