<?xml version="1.0" encoding="UTF-8"?>
<!-- Generated by org.testng.reporters.JUnitReportReporter -->
<testsuite hostname="CDC2-L-35Z28Y2" name="Sample.TestNew.RESTAPITest" tests="2" failures="0" timestamp="15 Jul 2020 04:39:32 GMT" time="0.000" errors="0">
  <testcase name="deletetwitter" time="0.000" classname="Sample.TestNew.RESTAPITest"/>
  <testcase name="PostJira" time="0.000" classname="Sample.TestNew.RESTAPITest"/>
</testsuite> <!-- Sample.TestNew.RESTAPITest -->
