<?xml version="1.0" encoding="UTF-8"?>
<!-- Generated by org.testng.reporters.JUnitReportReporter -->
<testsuite hostname="CDC2-L-35Z28Y2" name="Sample.TestNew.AppiumTest$RESTAPITest" tests="1" failures="0" timestamp="19 Aug 2020 10:19:32 GMT" time="0.046" errors="0">
  <testcase name="NegativeAppAndroid" time="0.046" classname="Sample.TestNew.AppiumTest$RESTAPITest"/>
</testsuite> <!-- Sample.TestNew.AppiumTest$RESTAPITest -->
