<?xml version="1.0" encoding="UTF-8"?>
<!-- Generated by org.testng.reporters.JUnitReportReporter -->
<testsuite skipped="0" hostname="M2B-L-6Z40NW2" name="com.salesforce.automation.test.LeadPageTest" tests="1" failures="0" timestamp="12 Nov 2020 11:59:59 GMT" time="30.992" errors="0">
  <testcase name="test_LeadPage" time="30.992" classname="com.salesforce.automation.test.LeadPageTest"/>
</testsuite> <!-- com.salesforce.automation.test.LeadPageTest -->
