<?xml version="1.0" encoding="UTF-8"?>
<!-- Generated by org.testng.reporters.JUnitReportReporter -->
<testsuite hostname="M5-D-501STHJ" name="com.salesforce.automation.test.SwitchOffPageTest" tests="2" failures="0" timestamp="21 Aug 2019 13:41:34 GMT" time="93.882" errors="0">
  <testcase name="test_SwitchOffPage" time="48.420" classname="com.salesforce.automation.test.SwitchOffPageTest"/>
  <testcase name="test_SwitchOffPage" time="45.462" classname="com.salesforce.automation.test.SwitchOffPageTest"/>
</testsuite> <!-- com.salesforce.automation.test.SwitchOffPageTest -->
