<?xml version="1.0" encoding="UTF-8"?>
<!-- Generated by org.testng.reporters.JUnitReportReporter -->
<testsuite hostname="M5-D-CXNNX52" name="com.salesforce.automation.test.Demo" tests="6" failures="0" timestamp="7 May 2019 08:13:51 GMT" time="0.022" errors="0">
  <testcase name="createUser" time="0.001" classname="com.salesforce.automation.test.Demo"/>
  <testcase name="createUser" time="0.007" classname="com.salesforce.automation.test.Demo"/>
  <testcase name="createUser" time="0.001" classname="com.salesforce.automation.test.Demo"/>
  <testcase name="createUser" time="0.001" classname="com.salesforce.automation.test.Demo"/>
  <testcase name="createUser" time="0.002" classname="com.salesforce.automation.test.Demo"/>
  <testcase name="createUser" time="0.010" classname="com.salesforce.automation.test.Demo"/>
</testsuite> <!-- com.salesforce.automation.test.Demo -->
