<?xml version="1.0" encoding="UTF-8"?>
<!-- Generated by org.testng.reporters.JUnitReportReporter -->
<testsuite hostname="M5-D-CXNNX52" name="com.salesforce.automation.test.DemoTest" tests="1" failures="0" timestamp="14 May 2019 10:05:29 GMT" time="68.612" errors="0">
  <testcase name="test_AccountSearchPage" time="68.612" classname="com.salesforce.automation.test.DemoTest"/>
</testsuite> <!-- com.salesforce.automation.test.DemoTest -->
