<?xml version="1.0" encoding="UTF-8"?>
<!-- Generated by org.testng.reporters.JUnitReportReporter -->
<testsuite skipped="0" hostname="M2B-L-6Z40NW2" name="com.salesforce.automation.test.LeadPageTest" tests="3" failures="0" timestamp="19 Aug 2020 05:57:58 GMT" time="236.835" errors="0">
  <testcase name="test_LeadPage" time="158.916" classname="com.salesforce.automation.test.LeadPageTest"/>
  <testcase name="test_LeadPage" time="41.757" classname="com.salesforce.automation.test.LeadPageTest"/>
  <testcase name="test_LeadPage" time="36.162" classname="com.salesforce.automation.test.LeadPageTest"/>
</testsuite> <!-- com.salesforce.automation.test.LeadPageTest -->
