<?xml version="1.0" encoding="UTF-8"?>
<!-- Generated by org.testng.reporters.JUnitReportReporter -->
<testsuite skipped="0" hostname="M2B-L-6Z40NW2" name="com.salesforce.automation.test.OptimusCasePageTest" tests="16" failures="0" timestamp="19 Aug 2020 16:32:25 GMT" time="803.884" errors="0">
  <testcase name="test_OptimusCasePage" time="35.510" classname="com.salesforce.automation.test.OptimusCasePageTest"/>
  <testcase name="test_OptimusCasePage" time="35.879" classname="com.salesforce.automation.test.OptimusCasePageTest"/>
  <testcase name="test_OptimusCasePage" time="35.117" classname="com.salesforce.automation.test.OptimusCasePageTest"/>
  <testcase name="test_OptimusCasePage" time="36.542" classname="com.salesforce.automation.test.OptimusCasePageTest"/>
  <testcase name="test_OptimusCasePage" time="39.691" classname="com.salesforce.automation.test.OptimusCasePageTest"/>
  <testcase name="test_OptimusCasePage" time="35.056" classname="com.salesforce.automation.test.OptimusCasePageTest"/>
  <testcase name="test_OptimusCasePage" time="36.286" classname="com.salesforce.automation.test.OptimusCasePageTest"/>
  <testcase name="test_OptimusCasePage" time="36.712" classname="com.salesforce.automation.test.OptimusCasePageTest"/>
  <testcase name="test_OptimusCasePage" time="39.186" classname="com.salesforce.automation.test.OptimusCasePageTest"/>
  <testcase name="test_OptimusCasePage" time="35.465" classname="com.salesforce.automation.test.OptimusCasePageTest"/>
  <testcase name="test_OptimusCasePage" time="37.112" classname="com.salesforce.automation.test.OptimusCasePageTest"/>
  <testcase name="test_OptimusCasePage" time="239.505" classname="com.salesforce.automation.test.OptimusCasePageTest"/>
  <testcase name="test_OptimusCasePage" time="38.095" classname="com.salesforce.automation.test.OptimusCasePageTest"/>
  <testcase name="test_OptimusCasePage" time="35.323" classname="com.salesforce.automation.test.OptimusCasePageTest"/>
  <testcase name="test_OptimusCasePage" time="35.846" classname="com.salesforce.automation.test.OptimusCasePageTest"/>
  <testcase name="test_OptimusCasePage" time="52.559" classname="com.salesforce.automation.test.OptimusCasePageTest"/>
</testsuite> <!-- com.salesforce.automation.test.OptimusCasePageTest -->
