<?xml version="1.0" encoding="UTF-8"?>
<!-- Generated by org.testng.reporters.JUnitReportReporter -->
<testsuite skipped="0" hostname="M2B-L-6Z40NW2" name="com.salesforce.automation.test.LeadPageTest" tests="1" failures="0" timestamp="25 Nov 2020 09:44:42 GMT" time="32.696" errors="0">
  <testcase name="test_LeadPage" time="32.696" classname="com.salesforce.automation.test.LeadPageTest"/>
</testsuite> <!-- com.salesforce.automation.test.LeadPageTest -->
